2022-01-18 13:13:28,281  INFO [main] runnerClass:14 - URL Opened
2022-01-18 13:13:28,811  INFO [main] runnerClass:14 - Page opend with title Book Outstation Cabs, Local & Airport Taxi Service - India's Leading Car Rentals
2022-01-18 13:13:29,436  INFO [main] runnerClass:14 - Sign In Button is clicked in page Home Page
2022-01-18 13:13:34,798  INFO [main] runnerClass:14 - Email field is send in page Account Log in
2022-01-18 13:13:35,130  INFO [main] runnerClass:14 - password field is send in page Account Log in
2022-01-18 13:13:35,737  INFO [main] runnerClass:14 - sign in button is clicked in page Account Log in
2022-01-18 13:13:36,072  INFO [main] runnerClass:14 - Successfully logged in
2022-01-18 13:13:36,790  INFO [main] runnerClass:14 - From Bar is clicked in page Home Page
2022-01-18 13:13:37,191  INFO [main] runnerClass:14 - From Bar is send in page Home Page
2022-01-18 13:13:37,950  INFO [main] runnerClass:14 - From Bar is clicked in page Home Page
2022-01-18 13:13:38,529  INFO [main] runnerClass:14 - From Bar is send in page Home Page
2022-01-18 13:13:54,117  INFO [main] runnerClass:14 - From Bar is clicked in page Home Page
2022-01-18 13:13:54,859  INFO [main] runnerClass:14 - From Bar is clicked in page Home Page
2022-01-18 13:13:56,064  INFO [main] runnerClass:14 - Successfully verified
2022-01-18 13:14:09,145  INFO [main] runnerClass:14 - Home button is clicked in page Search Page
2022-01-18 13:14:09,829  INFO [main] runnerClass:14 - Round Trip Button is clicked in page Home Page
2022-01-18 13:14:10,445  INFO [main] runnerClass:14 - From Bar is clicked in page Home Page
2022-01-18 13:14:11,639  INFO [main] runnerClass:14 - Successfully verified
2022-01-18 13:14:24,863  INFO [main] runnerClass:14 - Home button is clicked in page Search Page
2022-01-18 13:14:26,096  INFO [main] runnerClass:14 - Local Button is clicked in page Home Page
2022-01-18 13:14:36,780  INFO [main] runnerClass:14 - clear Button is clicked in page Local Page
2022-01-18 13:14:38,095  INFO [main] runnerClass:14 - From Button is clicked in page Local Page
2022-01-18 13:14:38,469  INFO [main] runnerClass:14 - password field is send in page Account Log in
2022-01-18 13:14:39,176  INFO [main] runnerClass:14 - Search Button is clicked in page Local Page
2022-01-18 13:14:40,439  INFO [main] runnerClass:14 - Successfully verified
2022-01-18 13:14:44,025  INFO [main] runnerClass:14 - Home button is clicked in page Search Page
2022-01-18 13:14:44,767  INFO [main] runnerClass:14 - Airport Button is clicked in page Local Page
2022-01-18 13:14:45,385  INFO [main] runnerClass:14 - From Bar is clicked in page Airport Page
2022-01-18 13:14:45,962  INFO [main] runnerClass:14 - From Bar is clicked in page Airport Page
2022-01-18 13:14:46,348  INFO [main] runnerClass:14 - From Baar is send in page Airport Page
2022-01-18 13:14:47,106  INFO [main] runnerClass:14 - From Bar is clicked in page Airport Page
2022-01-18 13:14:48,089  INFO [main] runnerClass:14 - drop bar is clicked in page Airport Page
